0 silly argv {
0 silly argv   _: [ 'version' ],
0 silly argv   lernaVersion: '3.22.1',
0 silly argv   '$0': 'C:\\Users\\ITMikeS\\AppData\\Roaming\\npm\\node_modules\\lerna\\cli.js'
0 silly argv }
1 notice cli v3.22.1
2 verbose rootPath C:\CapacitorCommunity\electron
3 info current version 0.0.2
4 silly isAnythingCommitted
5 verbose isAnythingCommitted 1
6 silly currentBranch
7 verbose currentBranch master
8 silly remoteBranchExists
9 silly isBehindUpstream
10 silly isBehindUpstream master is behind origin/master by 0 commit(s) and ahead by 0
11 silly hasTags
12 verbose hasTags true
13 silly git-describe.sync "v0.1.1-beta.7-5-g89c22c2" => {"lastTagName":"v0.1.1-beta.7","lastVersion":"v0.1.1-beta.7","refCount":"5","sha":"89c22c2","isDirty":false}
14 info Looking for changed packages since v0.1.1-beta.7
15 silly checking diff electron-core
16 silly found diff in electron-core/.gitignore
16 silly found diff in electron-core/.npmignore
16 silly found diff in electron-core/index.ts
16 silly found diff in electron-core/package.json
16 silly found diff in electron-core/rollup.config.js
16 silly found diff in electron-core/src/electron/app.ts
16 silly found diff in electron-core/src/electron/clipboard.ts
16 silly found diff in electron-core/src/electron/device.ts
16 silly found diff in electron-core/src/electron/filesystem.ts
16 silly found diff in electron-core/src/electron/modals.ts
16 silly found diff in electron-core/src/electron/network.ts
16 silly found diff in electron-core/src/electron/splashscreen.ts
16 silly found diff in electron-core/src/global.ts
16 silly found diff in electron-core/src/index.ts
16 silly found diff in electron-core/src/plugins.ts
16 silly found diff in electron-core/src/runtime.ts
16 silly found diff in electron-core/tsconfig.json
17 verbose filtered diff [
17 verbose filtered diff   'electron-core/.gitignore',
17 verbose filtered diff   'electron-core/.npmignore',
17 verbose filtered diff   'electron-core/index.ts',
17 verbose filtered diff   'electron-core/package.json',
17 verbose filtered diff   'electron-core/rollup.config.js',
17 verbose filtered diff   'electron-core/src/electron/app.ts',
17 verbose filtered diff   'electron-core/src/electron/clipboard.ts',
17 verbose filtered diff   'electron-core/src/electron/device.ts',
17 verbose filtered diff   'electron-core/src/electron/filesystem.ts',
17 verbose filtered diff   'electron-core/src/electron/modals.ts',
17 verbose filtered diff   'electron-core/src/electron/network.ts',
17 verbose filtered diff   'electron-core/src/electron/splashscreen.ts',
17 verbose filtered diff   'electron-core/src/global.ts',
17 verbose filtered diff   'electron-core/src/index.ts',
17 verbose filtered diff   'electron-core/src/plugins.ts',
17 verbose filtered diff   'electron-core/src/runtime.ts',
17 verbose filtered diff   'electron-core/tsconfig.json'
17 verbose filtered diff ]
18 silly checking diff electron-platform
19 silly found diff in electron-platform/.gitignore
19 silly found diff in electron-platform/.npmignore
19 silly found diff in electron-platform/cap-scripts/copy.js
19 silly found diff in electron-platform/cap-scripts/postinstall.js
19 silly found diff in electron-platform/electron_template/.gitignore
19 silly found diff in electron-platform/electron_template/assets/appIcon.ico
19 silly found diff in electron-platform/electron_template/assets/appIcon.png
19 silly found diff in electron-platform/electron_template/assets/splash.gif
19 silly found diff in electron-platform/electron_template/assets/splash.png
19 silly found diff in electron-platform/electron_template/index.js
19 silly found diff in electron-platform/electron_template/package.json
19 silly found diff in electron-platform/package.json
20 verbose filtered diff [
20 verbose filtered diff   'electron-platform/.gitignore',
20 verbose filtered diff   'electron-platform/.npmignore',
20 verbose filtered diff   'electron-platform/cap-scripts/copy.js',
20 verbose filtered diff   'electron-platform/cap-scripts/postinstall.js',
20 verbose filtered diff   'electron-platform/electron_template/.gitignore',
20 verbose filtered diff   'electron-platform/electron_template/assets/appIcon.ico',
20 verbose filtered diff   'electron-platform/electron_template/assets/appIcon.png',
20 verbose filtered diff   'electron-platform/electron_template/assets/splash.gif',
20 verbose filtered diff   'electron-platform/electron_template/assets/splash.png',
20 verbose filtered diff   'electron-platform/electron_template/index.js',
20 verbose filtered diff   'electron-platform/electron_template/package.json',
20 verbose filtered diff   'electron-platform/package.json'
20 verbose filtered diff ]
21 verbose updated @capacitor-community/electron-core
22 verbose updated @capacitor-community/electron-platform
23 verbose git-describe undefined => "v0.1.1-beta.7-5-g89c22c2"
24 silly git-describe parsed => {"lastTagName":"v0.1.1-beta.7","lastVersion":"v0.1.1-beta.7","refCount":"5","sha":"89c22c2","isDirty":false}
25 info execute Skipping releases
26 silly lifecycle No script for "preversion" in "@capacitor-community/electron", continuing
27 silly lifecycle No script for "preversion" in "@capacitor-community/electron-core", continuing
28 silly lifecycle No script for "preversion" in "@capacitor-community/electron-platform", continuing
29 silly lifecycle No script for "version" in "@capacitor-community/electron-core", continuing
30 silly lifecycle No script for "version" in "@capacitor-community/electron-platform", continuing
31 silly lifecycle No script for "version" in "@capacitor-community/electron", continuing
32 silly gitAdd [
32 silly gitAdd   'electron-core/package.json',
32 silly gitAdd   'electron-platform/package.json',
32 silly gitAdd   'lerna.json'
32 silly gitAdd ]
33 error Error: Command failed: git add -- electron-core/package.json electron-platform/package.json lerna.json
33 error warning: LF will be replaced by CRLF in electron-core/package.json.
33 error The file will have its original line endings in your working directory
33 error warning: LF will be replaced by CRLF in electron-platform/package.json.
33 error The file will have its original line endings in your working directory
33 error warning: LF will be replaced by CRLF in lerna.json.
33 error The file will have its original line endings in your working directory
33 error The following paths are ignored by one of your .gitignore files:
33 error electron-core
33 error electron-platform
33 error hint: Use -f if you really want to add them.
33 error hint: Turn this message off by running
33 error hint: "git config advice.addIgnoredFile false"
33 error
33 error     at makeError (C:\Users\ITMikeS\AppData\Roaming\npm\node_modules\lerna\node_modules\execa\index.js:174:9)
33 error     at C:\Users\ITMikeS\AppData\Roaming\npm\node_modules\lerna\node_modules\execa\index.js:278:16
33 error     at processTicksAndRejections (internal/process/task_queues.js:97:5)
